2024-12-14 03:47:24,934 - INFO - NumExpr defaulting to 4 threads.
2024-12-14 03:48:05,169 - INFO - Guardando datos recibidos en la base de datos...
2024-12-14 03:50:35,187 - INFO - Datos guardados exitosamente.
2024-12-14 03:50:35,300 - INFO - Procesando predicciones...
2024-12-14 03:50:35,300 - INFO - Recuperando datos desde la base de datos para predicción...
2024-12-14 03:50:36,262 - INFO - 100 registros recuperados para predicción.
2024-12-14 03:50:38,884 - ERROR - Error al guardar predicciones en la base de datos: 'Probability'
2024-12-14 03:50:39,007 - ERROR - Error en la predicción para CustomerID CUST-1: Error al guardar predicciones en la base de datos: 'Probability'
2024-12-14 03:50:44,883 - ERROR - Error al guardar predicciones en la base de datos: 'Probability'
2024-12-14 03:50:44,998 - ERROR - Error en la predicción para CustomerID CUST-2: Error al guardar predicciones en la base de datos: 'Probability'
2024-12-14 03:50:45,950 - ERROR - Error al guardar predicciones en la base de datos: 'Probability'
2024-12-14 03:50:46,066 - ERROR - Error en la predicción para CustomerID CUST-3: Error al guardar predicciones en la base de datos: 'Probability'
2024-12-14 03:50:47,363 - ERROR - Error al guardar predicciones en la base de datos: 'Probability'
2024-12-14 03:50:47,477 - ERROR - Error en la predicción para CustomerID CUST-4: Error al guardar predicciones en la base de datos: 'Probability'
2024-12-14 03:50:48,397 - ERROR - Error al guardar predicciones en la base de datos: 'Probability'
2024-12-14 03:50:48,509 - ERROR - Error en la predicción para CustomerID CUST-5: Error al guardar predicciones en la base de datos: 'Probability'
2024-12-14 03:50:49,518 - ERROR - Error al guardar predicciones en la base de datos: 'Probability'
2024-12-14 03:50:49,632 - ERROR - Error en la predicción para CustomerID CUST-6: Error al guardar predicciones en la base de datos: 'Probability'
2024-12-14 03:50:50,467 - ERROR - Error al guardar predicciones en la base de datos: 'Probability'
2024-12-14 03:50:50,579 - ERROR - Error en la predicción para CustomerID CUST-7: Error al guardar predicciones en la base de datos: 'Probability'
2024-12-14 03:50:56,599 - ERROR - Error al guardar predicciones en la base de datos: 'Probability'
2024-12-14 03:50:56,714 - ERROR - Error en la predicción para CustomerID CUST-8: Error al guardar predicciones en la base de datos: 'Probability'
2024-12-14 03:50:57,632 - ERROR - Error al guardar predicciones en la base de datos: 'Probability'
2024-12-14 03:50:57,815 - ERROR - Error en la predicción para CustomerID CUST-9: Error al guardar predicciones en la base de datos: 'Probability'
2024-12-14 03:50:58,658 - ERROR - Error al guardar predicciones en la base de datos: 'Probability'
2024-12-14 03:50:58,772 - ERROR - Error en la predicción para CustomerID CUST-10: Error al guardar predicciones en la base de datos: 'Probability'
2024-12-14 03:50:59,678 - ERROR - Error al guardar predicciones en la base de datos: 'Probability'
2024-12-14 03:50:59,856 - ERROR - Error en la predicción para CustomerID CUST-11: Error al guardar predicciones en la base de datos: 'Probability'
2024-12-14 03:51:00,777 - ERROR - Error al guardar predicciones en la base de datos: 'Probability'
2024-12-14 03:51:00,894 - ERROR - Error en la predicción para CustomerID CUST-12: Error al guardar predicciones en la base de datos: 'Probability'
2024-12-14 03:51:01,904 - ERROR - Error al guardar predicciones en la base de datos: 'Probability'
2024-12-14 03:51:02,021 - ERROR - Error en la predicción para CustomerID CUST-13: Error al guardar predicciones en la base de datos: 'Probability'
2024-12-14 03:51:02,939 - ERROR - Error al guardar predicciones en la base de datos: 'Probability'
2024-12-14 03:51:03,148 - ERROR - Error en la predicción para CustomerID CUST-14: Error al guardar predicciones en la base de datos: 'Probability'
2024-12-14 03:51:04,067 - ERROR - Error al guardar predicciones en la base de datos: 'Probability'
2024-12-14 03:51:04,366 - ERROR - Error en la predicción para CustomerID CUST-15: Error al guardar predicciones en la base de datos: 'Probability'
2024-12-14 03:51:05,311 - ERROR - Error al guardar predicciones en la base de datos: 'Probability'
2024-12-14 03:51:05,499 - ERROR - Error en la predicción para CustomerID CUST-16: Error al guardar predicciones en la base de datos: 'Probability'
2024-12-14 03:51:06,430 - ERROR - Error al guardar predicciones en la base de datos: 'Probability'
2024-12-14 03:51:06,545 - ERROR - Error en la predicción para CustomerID CUST-17: Error al guardar predicciones en la base de datos: 'Probability'
2024-12-14 03:51:07,751 - ERROR - Error al guardar predicciones en la base de datos: 'Probability'
2024-12-14 03:51:07,957 - ERROR - Error en la predicción para CustomerID CUST-18: Error al guardar predicciones en la base de datos: 'Probability'
2024-12-14 03:51:08,937 - ERROR - Error al guardar predicciones en la base de datos: 'Probability'
2024-12-14 03:51:09,051 - ERROR - Error en la predicción para CustomerID CUST-19: Error al guardar predicciones en la base de datos: 'Probability'
2024-12-14 03:51:10,405 - ERROR - Error al guardar predicciones en la base de datos: 'Probability'
2024-12-14 03:51:10,520 - ERROR - Error en la predicción para CustomerID CUST-20: Error al guardar predicciones en la base de datos: 'Probability'
2024-12-14 03:51:11,560 - ERROR - Error al guardar predicciones en la base de datos: 'Probability'
2024-12-14 03:51:11,674 - ERROR - Error en la predicción para CustomerID CUST-21: Error al guardar predicciones en la base de datos: 'Probability'
2024-12-14 03:51:12,575 - ERROR - Error al guardar predicciones en la base de datos: 'Probability'
2024-12-14 03:51:12,699 - ERROR - Error en la predicción para CustomerID CUST-22: Error al guardar predicciones en la base de datos: 'Probability'
2024-12-14 03:51:13,604 - ERROR - Error al guardar predicciones en la base de datos: 'Probability'
2024-12-14 03:51:13,782 - ERROR - Error en la predicción para CustomerID CUST-23: Error al guardar predicciones en la base de datos: 'Probability'
2024-12-14 03:51:14,551 - ERROR - Error al guardar predicciones en la base de datos: 'Probability'
2024-12-14 03:51:14,693 - ERROR - Error en la predicción para CustomerID CUST-24: Error al guardar predicciones en la base de datos: 'Probability'
2024-12-14 03:51:15,475 - ERROR - Error al guardar predicciones en la base de datos: 'Probability'
2024-12-14 03:51:15,587 - ERROR - Error en la predicción para CustomerID CUST-25: Error al guardar predicciones en la base de datos: 'Probability'
2024-12-14 03:51:16,474 - ERROR - Error al guardar predicciones en la base de datos: 'Probability'
2024-12-14 03:51:16,589 - ERROR - Error en la predicción para CustomerID CUST-26: Error al guardar predicciones en la base de datos: 'Probability'
2024-12-14 03:51:17,985 - ERROR - Error al guardar predicciones en la base de datos: 'Probability'
2024-12-14 03:51:18,108 - ERROR - Error en la predicción para CustomerID CUST-27: Error al guardar predicciones en la base de datos: 'Probability'
2024-12-14 03:51:19,029 - ERROR - Error al guardar predicciones en la base de datos: 'Probability'
2024-12-14 03:51:19,220 - ERROR - Error en la predicción para CustomerID CUST-28: Error al guardar predicciones en la base de datos: 'Probability'
2024-12-14 03:51:20,068 - ERROR - Error al guardar predicciones en la base de datos: 'Probability'
2024-12-14 03:51:20,175 - ERROR - Error en la predicción para CustomerID CUST-29: Error al guardar predicciones en la base de datos: 'Probability'
2024-12-14 03:51:21,071 - ERROR - Error al guardar predicciones en la base de datos: 'Probability'
2024-12-14 03:51:21,596 - ERROR - Error en la predicción para CustomerID CUST-30: Error al guardar predicciones en la base de datos: 'Probability'
2024-12-14 03:51:22,599 - ERROR - Error al guardar predicciones en la base de datos: 'Probability'
2024-12-14 03:51:22,793 - ERROR - Error en la predicción para CustomerID CUST-31: Error al guardar predicciones en la base de datos: 'Probability'
2024-12-14 03:51:23,817 - ERROR - Error al guardar predicciones en la base de datos: 'Probability'
2024-12-14 03:51:24,027 - ERROR - Error en la predicción para CustomerID CUST-32: Error al guardar predicciones en la base de datos: 'Probability'
2024-12-14 03:51:24,958 - ERROR - Error al guardar predicciones en la base de datos: 'Probability'
2024-12-14 03:51:25,074 - ERROR - Error en la predicción para CustomerID CUST-33: Error al guardar predicciones en la base de datos: 'Probability'
2024-12-14 03:51:25,908 - ERROR - Error al guardar predicciones en la base de datos: 'Probability'
2024-12-14 03:51:26,070 - ERROR - Error en la predicción para CustomerID CUST-34: Error al guardar predicciones en la base de datos: 'Probability'
2024-12-14 03:51:26,789 - ERROR - Error al guardar predicciones en la base de datos: 'Probability'
2024-12-14 03:51:26,900 - ERROR - Error en la predicción para CustomerID CUST-35: Error al guardar predicciones en la base de datos: 'Probability'
2024-12-14 03:51:28,118 - ERROR - Error al guardar predicciones en la base de datos: 'Probability'
2024-12-14 03:51:28,236 - ERROR - Error en la predicción para CustomerID CUST-36: Error al guardar predicciones en la base de datos: 'Probability'
2024-12-14 03:51:29,160 - ERROR - Error al guardar predicciones en la base de datos: 'Probability'
2024-12-14 03:51:29,276 - ERROR - Error en la predicción para CustomerID CUST-37: Error al guardar predicciones en la base de datos: 'Probability'
2024-12-14 03:51:30,281 - ERROR - Error al guardar predicciones en la base de datos: 'Probability'
2024-12-14 03:51:30,396 - ERROR - Error en la predicción para CustomerID CUST-38: Error al guardar predicciones en la base de datos: 'Probability'
2024-12-14 03:51:31,426 - ERROR - Error al guardar predicciones en la base de datos: 'Probability'
2024-12-14 03:51:31,599 - ERROR - Error en la predicción para CustomerID CUST-39: Error al guardar predicciones en la base de datos: 'Probability'
2024-12-14 03:51:32,327 - ERROR - Error al guardar predicciones en la base de datos: 'Probability'
2024-12-14 03:51:32,521 - ERROR - Error en la predicción para CustomerID CUST-40: Error al guardar predicciones en la base de datos: 'Probability'
2024-12-14 03:51:33,356 - ERROR - Error al guardar predicciones en la base de datos: 'Probability'
2024-12-14 03:51:33,472 - ERROR - Error en la predicción para CustomerID CUST-41: Error al guardar predicciones en la base de datos: 'Probability'
2024-12-14 03:51:34,379 - ERROR - Error al guardar predicciones en la base de datos: 'Probability'
2024-12-14 03:51:34,569 - ERROR - Error en la predicción para CustomerID CUST-42: Error al guardar predicciones en la base de datos: 'Probability'
2024-12-14 03:51:35,296 - ERROR - Error al guardar predicciones en la base de datos: 'Probability'
2024-12-14 03:51:35,757 - ERROR - Error en la predicción para CustomerID CUST-43: Error al guardar predicciones en la base de datos: 'Probability'
2024-12-14 03:51:36,806 - ERROR - Error al guardar predicciones en la base de datos: 'Probability'
2024-12-14 03:51:36,921 - ERROR - Error en la predicción para CustomerID CUST-44: Error al guardar predicciones en la base de datos: 'Probability'
2024-12-14 03:51:37,744 - ERROR - Error al guardar predicciones en la base de datos: 'Probability'
2024-12-14 03:51:37,862 - ERROR - Error en la predicción para CustomerID CUST-45: Error al guardar predicciones en la base de datos: 'Probability'
2024-12-14 03:51:39,791 - ERROR - Error al guardar predicciones en la base de datos: 'Probability'
2024-12-14 03:51:39,908 - ERROR - Error en la predicción para CustomerID CUST-46: Error al guardar predicciones en la base de datos: 'Probability'
2024-12-14 03:51:40,830 - ERROR - Error al guardar predicciones en la base de datos: 'Probability'
2024-12-14 03:51:41,025 - ERROR - Error en la predicción para CustomerID CUST-47: Error al guardar predicciones en la base de datos: 'Probability'
2024-12-14 03:51:41,942 - ERROR - Error al guardar predicciones en la base de datos: 'Probability'
2024-12-14 03:51:42,058 - ERROR - Error en la predicción para CustomerID CUST-48: Error al guardar predicciones en la base de datos: 'Probability'
2024-12-14 03:51:42,876 - ERROR - Error al guardar predicciones en la base de datos: 'Probability'
2024-12-14 03:51:43,068 - ERROR - Error en la predicción para CustomerID CUST-49: Error al guardar predicciones en la base de datos: 'Probability'
2024-12-14 03:51:44,008 - ERROR - Error al guardar predicciones en la base de datos: 'Probability'
2024-12-14 03:51:44,195 - ERROR - Error en la predicción para CustomerID CUST-50: Error al guardar predicciones en la base de datos: 'Probability'
2024-12-14 03:51:45,148 - ERROR - Error al guardar predicciones en la base de datos: 'Probability'
2024-12-14 03:51:45,321 - ERROR - Error en la predicción para CustomerID CUST-51: Error al guardar predicciones en la base de datos: 'Probability'
2024-12-14 03:51:46,247 - ERROR - Error al guardar predicciones en la base de datos: 'Probability'
2024-12-14 03:51:46,361 - ERROR - Error en la predicción para CustomerID CUST-52: Error al guardar predicciones en la base de datos: 'Probability'
2024-12-14 03:51:47,179 - ERROR - Error al guardar predicciones en la base de datos: 'Probability'
2024-12-14 03:51:47,293 - ERROR - Error en la predicción para CustomerID CUST-53: Error al guardar predicciones en la base de datos: 'Probability'
2024-12-14 03:51:48,295 - ERROR - Error al guardar predicciones en la base de datos: 'Probability'
2024-12-14 03:51:48,413 - ERROR - Error en la predicción para CustomerID CUST-54: Error al guardar predicciones en la base de datos: 'Probability'
2024-12-14 03:51:49,319 - ERROR - Error al guardar predicciones en la base de datos: 'Probability'
2024-12-14 03:51:49,525 - ERROR - Error en la predicción para CustomerID CUST-55: Error al guardar predicciones en la base de datos: 'Probability'
2024-12-14 03:51:50,455 - ERROR - Error al guardar predicciones en la base de datos: 'Probability'
2024-12-14 03:51:50,568 - ERROR - Error en la predicción para CustomerID CUST-56: Error al guardar predicciones en la base de datos: 'Probability'
2024-12-14 03:51:51,477 - ERROR - Error al guardar predicciones en la base de datos: 'Probability'
2024-12-14 03:51:51,588 - ERROR - Error en la predicción para CustomerID CUST-57: Error al guardar predicciones en la base de datos: 'Probability'
2024-12-14 03:51:52,430 - ERROR - Error al guardar predicciones en la base de datos: 'Probability'
2024-12-14 03:51:52,591 - ERROR - Error en la predicción para CustomerID CUST-58: Error al guardar predicciones en la base de datos: 'Probability'
2024-12-14 03:51:53,531 - ERROR - Error al guardar predicciones en la base de datos: 'Probability'
2024-12-14 03:51:53,719 - ERROR - Error en la predicción para CustomerID CUST-59: Error al guardar predicciones en la base de datos: 'Probability'
2024-12-14 03:51:54,484 - ERROR - Error al guardar predicciones en la base de datos: 'Probability'
2024-12-14 03:51:54,651 - ERROR - Error en la predicción para CustomerID CUST-60: Error al guardar predicciones en la base de datos: 'Probability'
2024-12-14 03:51:55,459 - ERROR - Error al guardar predicciones en la base de datos: 'Probability'
2024-12-14 03:51:55,573 - ERROR - Error en la predicción para CustomerID CUST-61: Error al guardar predicciones en la base de datos: 'Probability'
2024-12-14 03:51:56,505 - ERROR - Error al guardar predicciones en la base de datos: 'Probability'
2024-12-14 03:51:56,692 - ERROR - Error en la predicción para CustomerID CUST-62: Error al guardar predicciones en la base de datos: 'Probability'
2024-12-14 03:51:57,613 - ERROR - Error al guardar predicciones en la base de datos: 'Probability'
2024-12-14 03:51:57,818 - ERROR - Error en la predicción para CustomerID CUST-63: Error al guardar predicciones en la base de datos: 'Probability'
2024-12-14 03:51:59,149 - ERROR - Error al guardar predicciones en la base de datos: 'Probability'
2024-12-14 03:51:59,263 - ERROR - Error en la predicción para CustomerID CUST-64: Error al guardar predicciones en la base de datos: 'Probability'
2024-12-14 03:52:00,192 - ERROR - Error al guardar predicciones en la base de datos: 'Probability'
2024-12-14 03:52:00,374 - ERROR - Error en la predicción para CustomerID CUST-65: Error al guardar predicciones en la base de datos: 'Probability'
2024-12-14 03:52:01,705 - ERROR - Error al guardar predicciones en la base de datos: 'Probability'
2024-12-14 03:52:01,823 - ERROR - Error en la predicción para CustomerID CUST-66: Error al guardar predicciones en la base de datos: 'Probability'
2024-12-14 03:52:02,933 - ERROR - Error al guardar predicciones en la base de datos: 'Probability'
2024-12-14 03:52:03,050 - ERROR - Error en la predicción para CustomerID CUST-67: Error al guardar predicciones en la base de datos: 'Probability'
2024-12-14 03:52:03,957 - ERROR - Error al guardar predicciones en la base de datos: 'Probability'
2024-12-14 03:52:04,072 - ERROR - Error en la predicción para CustomerID CUST-68: Error al guardar predicciones en la base de datos: 'Probability'
2024-12-14 03:52:04,995 - ERROR - Error al guardar predicciones en la base de datos: 'Probability'
2024-12-14 03:52:05,187 - ERROR - Error en la predicción para CustomerID CUST-69: Error al guardar predicciones en la base de datos: 'Probability'
2024-12-14 03:52:06,210 - ERROR - Error al guardar predicciones en la base de datos: 'Probability'
2024-12-14 03:52:06,332 - ERROR - Error en la predicción para CustomerID CUST-70: Error al guardar predicciones en la base de datos: 'Probability'
2024-12-14 03:52:07,338 - ERROR - Error al guardar predicciones en la base de datos: 'Probability'
2024-12-14 03:52:07,553 - ERROR - Error en la predicción para CustomerID CUST-71: Error al guardar predicciones en la base de datos: 'Probability'
2024-12-14 03:52:08,489 - ERROR - Error al guardar predicciones en la base de datos: 'Probability'
2024-12-14 03:52:08,668 - ERROR - Error en la predicción para CustomerID CUST-72: Error al guardar predicciones en la base de datos: 'Probability'
2024-12-14 03:52:14,577 - ERROR - Error al guardar predicciones en la base de datos: 'Probability'
2024-12-14 03:52:14,691 - ERROR - Error en la predicción para CustomerID CUST-73: Error al guardar predicciones en la base de datos: 'Probability'
2024-12-14 03:52:15,594 - ERROR - Error al guardar predicciones en la base de datos: 'Probability'
2024-12-14 03:52:15,776 - ERROR - Error en la predicción para CustomerID CUST-74: Error al guardar predicciones en la base de datos: 'Probability'
2024-12-14 03:52:16,669 - ERROR - Error al guardar predicciones en la base de datos: 'Probability'
2024-12-14 03:52:16,865 - ERROR - Error en la predicción para CustomerID CUST-75: Error al guardar predicciones en la base de datos: 'Probability'
2024-12-14 03:52:17,796 - ERROR - Error al guardar predicciones en la base de datos: 'Probability'
2024-12-14 03:52:17,991 - ERROR - Error en la predicción para CustomerID CUST-76: Error al guardar predicciones en la base de datos: 'Probability'
2024-12-14 03:52:19,015 - ERROR - Error al guardar predicciones en la base de datos: 'Probability'
2024-12-14 03:52:19,215 - ERROR - Error en la predicción para CustomerID CUST-77: Error al guardar predicciones en la base de datos: 'Probability'
2024-12-14 03:52:20,168 - ERROR - Error al guardar predicciones en la base de datos: 'Probability'
2024-12-14 03:52:20,284 - ERROR - Error en la predicción para CustomerID CUST-78: Error al guardar predicciones en la base de datos: 'Probability'
2024-12-14 03:52:21,268 - ERROR - Error al guardar predicciones en la base de datos: 'Probability'
2024-12-14 03:52:21,385 - ERROR - Error en la predicción para CustomerID CUST-79: Error al guardar predicciones en la base de datos: 'Probability'
2024-12-14 03:52:22,222 - ERROR - Error al guardar predicciones en la base de datos: 'Probability'
2024-12-14 03:52:22,337 - ERROR - Error en la predicción para CustomerID CUST-80: Error al guardar predicciones en la base de datos: 'Probability'
